<?xml version="1.0" encoding="UTF-8"?>
<robot generator="Robot 3.1.2 (Python 3.7.3 on win32)" generated="20190702 11:40:16.142" rpa="false">
<suite id="s1" name="ConsultaOcorrenciasTituloTest" source="C:\Users\anderson_benet\Documents\git_robotframework\demo_soap_xml\test\ConsultaOcorrenciasTituloTest.robot">
<test id="s1-t1" name="TC 001: Buscar Ocorrências Título">
<kw name="Busca Ocorrencias" library="ConsultaOcorrenciasTituloResource">
<kw name="Set Variable" library="BuiltIn">
<doc>Returns the given values which can then be assigned to a variables.</doc>
<arguments>
<arg>0307</arg>
</arguments>
<assign>
<var>${ag_emissora}</var>
</assign>
<msg timestamp="20190702 11:40:16.625" level="INFO">${ag_emissora} = 0307</msg>
<status status="PASS" starttime="20190702 11:40:16.625" endtime="20190702 11:40:16.625"></status>
</kw>
<kw name="Create Soap Client" library="SudsLibrary">
<doc>Loads a WSDL from the given URL/path and creates a Suds SOAP client.</doc>
<arguments>
<arg>${wsdl_url}</arg>
</arguments>
<msg timestamp="20190702 11:40:16.786" level="INFO">Using WSDL at http://ws-cobranca12c2.hom.sicredi.net:80/ConsultasBean/ConsultasService?wsdl
Suds ( https://fedorahosted.org/suds/ )  version: 0.6

Service ( ConsultasService ) tns="http://sicredi.com.br/cobranca/ws/v1/consultas/"
   Prefixes (3)
      ns0 = "http://sicredi.com.br/arqref/exception/binding/"
      ns1 = "http://sicredi.com.br/cobranca/ws/v1/boleto/"
      ns2 = "http://sicredi.com.br/cobranca/ws/v1/consultas/"
   Ports (1):
      (ConsultasServicePort)
         Methods (2):
            consultaOcorrenciasTitulo(InConsultaOcorrenciasTitulo InConsultaOcorrenciasTitulo)
            consultaSituacaoTitulo(InConsultaSituacaoTitulo InConsultaSituacaoTitulo)
         Types (15):
            InConsultaOcorrenciasTitulo
            InConsultaSituacaoTitulo
            Ocorrencias
            OutConsultaOcorrenciasTitulo
            OutConsultaSituacaoTitulo
            ns0:ServException
            Situacoes
            Titulo
            TituloSituacao
            ns1:consultaOcorrenciasTitulo
            ns1:consultaOcorrenciasTituloResponse
            consultaSituacaoTitulo
            consultaSituacaoTituloResponse
            ns0:faultService
            ns0:tipoErro

</msg>
<status status="PASS" starttime="20190702 11:40:16.625" endtime="20190702 11:40:16.787"></status>
</kw>
<kw name="Get File" library="OperatingSystem">
<doc>Returns the contents of a specified file.</doc>
<arguments>
<arg>C:\\Users\\anderson_benet\\Documents\\git_robotframework\\demo_soap_xml\\resource\\xml\\consulta_ocorrencias_titulo.xml</arg>
</arguments>
<assign>
<var>${request}</var>
</assign>
<msg timestamp="20190702 11:40:16.788" level="INFO" html="yes">Getting file '&lt;a href="file://C:\Users\anderson_benet\Documents\git_robotframework\demo_soap_xml\resource\xml\consulta_ocorrencias_titulo.xml"&gt;C:\Users\anderson_benet\Documents\git_robotframework\demo_soap_xml\resource\xml\consulta_ocorrencias_titulo.xml&lt;/a&gt;'.</msg>
<msg timestamp="20190702 11:40:16.790" level="INFO">${request} = &lt;soapenv:Envelope
	xmlns:soapenv="http://schemas.xmlsoap.org/soap/envelope/"
	xmlns:bol="http://sicredi.com.br/cobranca/ws/v1/boleto/"&gt;
	&lt;soapenv:Header/&gt;
	&lt;soapenv:Body&gt;
		&lt;bol:consultaOcorrenciasTit...</msg>
<status status="PASS" starttime="20190702 11:40:16.787" endtime="20190702 11:40:16.790"></status>
</kw>
<kw name="Create Raw Soap Message" library="SudsLibrary">
<doc>Returns an object that can used in lieu of SOAP method arguments.</doc>
<arguments>
<arg>${request}</arg>
</arguments>
<assign>
<var>${request}</var>
</assign>
<msg timestamp="20190702 11:40:16.792" level="INFO">${request} = &lt;soapenv:Envelope
	xmlns:soapenv="http://schemas.xmlsoap.org/soap/envelope/"
	xmlns:bol="http://sicredi.com.br/cobranca/ws/v1/boleto/"&gt;
	&lt;soapenv:Header/&gt;
	&lt;soapenv:Body&gt;
		&lt;bol:consultaOcorrenciasTit...</msg>
<status status="PASS" starttime="20190702 11:40:16.791" endtime="20190702 11:40:16.792"></status>
</kw>
<kw name="Call Soap Method" library="SudsLibrary">
<doc>Calls the SOAP method with the given `name` and `args`.</doc>
<arguments>
<arg>consultaOcorrenciasTitulo</arg>
<arg>${request}</arg>
</arguments>
<msg timestamp="20190702 11:40:16.798" level="INFO">Sending:
&lt;?xml version="1.0" ?&gt;
&lt;soapenv:Envelope xmlns:bol="http://sicredi.com.br/cobranca/ws/v1/boleto/" xmlns:soapenv="http://schemas.xmlsoap.org/soap/envelope/"&gt;
  &lt;soapenv:Header/&gt;
  &lt;soapenv:Body&gt;
    &lt;bol:consultaOcorrenciasTitulo&gt;
      &lt;bol:InConsultaOcorrenciasTitulo&gt;
        &lt;agEmissora&gt;0307&lt;/agEmissora&gt;
        &lt;dataConsulta&gt;2019-06-06T00:00:00&lt;/dataConsulta&gt;
        &lt;nossoNumero/&gt;
        &lt;ocorrencias&gt;
          &lt;ocorrencia&gt;TODAS&lt;/ocorrencia&gt;
        &lt;/ocorrencias&gt;
      &lt;/bol:InConsultaOcorrenciasTitulo&gt;
    &lt;/bol:consultaOcorrenciasTitulo&gt;
  &lt;/soapenv:Body&gt;
&lt;/soapenv:Envelope&gt;
</msg>
<msg timestamp="20190702 11:40:16.853" level="INFO">Received:
&lt;?xml version="1.0" ?&gt;
&lt;S:Envelope xmlns:S="http://schemas.xmlsoap.org/soap/envelope/"&gt;
  &lt;S:Body&gt;
    &lt;ns0:consultaOcorrenciasTituloResponse xmlns:ns0="http://sicredi.com.br/cobranca/ws/v1/boleto/"&gt;
      &lt;ns0:OutConsultaOcorrenciasTitulo&gt;
        &lt;titulos&gt;
          &lt;oidMovimento&gt;1897723790&lt;/oidMovimento&gt;
          &lt;agCedente&gt;030701&lt;/agCedente&gt;
          &lt;beneficiario&gt;58069&lt;/beneficiario&gt;
          &lt;nossoNumero&gt;191001378&lt;/nossoNumero&gt;
          &lt;seuNumero&gt;B919326461&lt;/seuNumero&gt;
          &lt;vlrNominal&gt;46.41&lt;/vlrNominal&gt;
          &lt;dataOcorrencia&gt;2019-06-06T00:00:00-03:00&lt;/dataOcorrencia&gt;
          &lt;ocorrencia&gt;ENTRADA_CONFIRMADA&lt;/ocorrencia&gt;
          &lt;codOcorrencia&gt;02&lt;/codOcorrencia&gt;
          &lt;numParcela&gt;01&lt;/numParcela&gt;
          &lt;motivo&gt;00&lt;/motivo&gt;
        &lt;/titulos&gt;
        &lt;titulos&gt;
          &lt;oidMovimento&gt;1897723791&lt;/oidMovimento&gt;
          &lt;agCedente&gt;030701&lt;/agCedente&gt;
          &lt;beneficiario&gt;58069&lt;/beneficiario&gt;
          &lt;nossoNumero&gt;191001386&lt;/nossoNumero&gt;
          &lt;seuNumero&gt;B919326461&lt;/seuNumero&gt;
          &lt;vlrNominal&gt;46.4&lt;/vlrNominal&gt;
          &lt;dataOcorrencia&gt;2019-06-06T00:00:00-03:00&lt;/dataOcorrencia&gt;
          &lt;ocorrencia&gt;ENTRADA_CONFIRMADA&lt;/ocorrencia&gt;
          &lt;codOcorrencia&gt;02&lt;/codOcorrencia&gt;
          &lt;numParcela&gt;02&lt;/numParcela&gt;
          &lt;motivo&gt;00&lt;/motivo&gt;
        &lt;/titulos&gt;
        &lt;titulos&gt;
          &lt;oidMovimento&gt;1897724085&lt;/oidMovimento&gt;
          &lt;agCedente&gt;030701&lt;/agCedente&gt;
          &lt;beneficiario&gt;58069&lt;/beneficiario&gt;
          &lt;nossoNumero&gt;191001378&lt;/nossoNumero&gt;
          &lt;seuNumero&gt;B919326461&lt;/seuNumero&gt;
          &lt;vlrNominal&gt;46.41&lt;/vlrNominal&gt;
          &lt;vlrLiquidado&gt;19.3&lt;/vlrLiquidado&gt;
          &lt;dataOcorrencia&gt;2019-06-06T00:00:00-03:00&lt;/dataOcorrencia&gt;
          &lt;ocorrencia&gt;LIQUIDADO&lt;/ocorrencia&gt;
          &lt;codOcorrencia&gt;06&lt;/codOcorrencia&gt;
          &lt;numParcela&gt;01&lt;/numParcela&gt;
          &lt;motivo&gt;00&lt;/motivo&gt;
        &lt;/titulos&gt;
        &lt;titulos&gt;
          &lt;oidMovimento&gt;1897724238&lt;/oidMovimento&gt;
          &lt;agCedente&gt;030701&lt;/agCedente&gt;
          &lt;beneficiario&gt;58069&lt;/beneficiario&gt;
          &lt;nossoNumero&gt;191001386&lt;/nossoNumero&gt;
          &lt;seuNumero&gt;B919326461&lt;/seuNumero&gt;
          &lt;vlrNominal&gt;46.4&lt;/vlrNominal&gt;
          &lt;vlrLiquidado&gt;46.4&lt;/vlrLiquidado&gt;
          &lt;dataOcorrencia&gt;2019-06-06T00:00:00-03:00&lt;/dataOcorrencia&gt;
          &lt;ocorrencia&gt;LIQUIDADO&lt;/ocorrencia&gt;
          &lt;codOcorrencia&gt;06&lt;/codOcorrencia&gt;
          &lt;numParcela&gt;02&lt;/numParcela&gt;
          &lt;motivo&gt;00&lt;/motivo&gt;
        &lt;/titulos&gt;
      &lt;/ns0:OutConsultaOcorrenciasTitulo&gt;
    &lt;/ns0:consultaOcorrenciasTituloResponse&gt;
  &lt;/S:Body&gt;
&lt;/S:Envelope&gt;
</msg>
<status status="PASS" starttime="20190702 11:40:16.792" endtime="20190702 11:40:16.864"></status>
</kw>
<kw name="Get Last Received" library="SudsLibrary">
<doc>Gets the XML last received.</doc>
<assign>
<var>${response}</var>
</assign>
<msg timestamp="20190702 11:40:16.864" level="INFO">${response} = &lt;?xml version='1.0' encoding='UTF-8'?&gt;&lt;S:Envelope xmlns:S="http://schemas.xmlsoap.org/soap/envelope/"&gt;&lt;S:Body&gt;&lt;ns0:consultaOcorrenciasTituloResponse xmlns:ns0="http://sicredi.com.br/cobranca/ws/v1/bol...</msg>
<status status="PASS" starttime="20190702 11:40:16.864" endtime="20190702 11:40:16.864"></status>
</kw>
<kw name="Convert To String" library="BuiltIn">
<doc>Converts the given item to a Unicode string.</doc>
<arguments>
<arg>${response}</arg>
</arguments>
<assign>
<var>${parse_string}</var>
</assign>
<msg timestamp="20190702 11:40:16.865" level="INFO">${parse_string} = &lt;?xml version='1.0' encoding='UTF-8'?&gt;&lt;S:Envelope xmlns:S="http://schemas.xmlsoap.org/soap/envelope/"&gt;&lt;S:Body&gt;&lt;ns0:consultaOcorrenciasTituloResponse xmlns:ns0="http://sicredi.com.br/cobranca/ws/v1/bol...</msg>
<status status="PASS" starttime="20190702 11:40:16.864" endtime="20190702 11:40:16.865"></status>
</kw>
<kw name="Parse Xml" library="XML">
<doc>Parses the given XML file or string into an element structure.</doc>
<arguments>
<arg>${parse_string}</arg>
</arguments>
<assign>
<var>${parse_xml}</var>
</assign>
<msg timestamp="20190702 11:40:16.865" level="INFO">${parse_xml} = &lt;Element 'Envelope' at 0x00000295220D61D8&gt;</msg>
<status status="PASS" starttime="20190702 11:40:16.865" endtime="20190702 11:40:16.865"></status>
</kw>
<kw name="Get Elements Texts" library="XML">
<doc>Returns text of all elements matching ``xpath`` as a list.</doc>
<arguments>
<arg>${parse_xml}</arg>
<arg>*//titulos//oidMovimento</arg>
</arguments>
<assign>
<var>@{lst_oidMovimento}</var>
</assign>
<msg timestamp="20190702 11:40:16.866" level="INFO">@{lst_oidMovimento} = [ 1897723790 | 1897723791 | 1897724085 | 1897724238 ]</msg>
<status status="PASS" starttime="20190702 11:40:16.866" endtime="20190702 11:40:16.866"></status>
</kw>
<kw name="Get Elements Texts" library="XML">
<doc>Returns text of all elements matching ``xpath`` as a list.</doc>
<arguments>
<arg>${parse_xml}</arg>
<arg>*//titulos//agCedente</arg>
</arguments>
<assign>
<var>@{lst_agCedente}</var>
</assign>
<msg timestamp="20190702 11:40:16.867" level="INFO">@{lst_agCedente} = [ 030701 | 030701 | 030701 | 030701 ]</msg>
<status status="PASS" starttime="20190702 11:40:16.866" endtime="20190702 11:40:16.867"></status>
</kw>
<kw name="Get Elements Texts" library="XML">
<doc>Returns text of all elements matching ``xpath`` as a list.</doc>
<arguments>
<arg>${parse_xml}</arg>
<arg>*//titulos//beneficiario</arg>
</arguments>
<assign>
<var>@{lst_beneficiario}</var>
</assign>
<msg timestamp="20190702 11:40:16.869" level="INFO">@{lst_beneficiario} = [ 58069 | 58069 | 58069 | 58069 ]</msg>
<status status="PASS" starttime="20190702 11:40:16.868" endtime="20190702 11:40:16.869"></status>
</kw>
<kw name="Get Elements Texts" library="XML">
<doc>Returns text of all elements matching ``xpath`` as a list.</doc>
<arguments>
<arg>${parse_xml}</arg>
<arg>*//titulos//nossoNumero</arg>
</arguments>
<assign>
<var>@{lst_nossoNumero}</var>
</assign>
<msg timestamp="20190702 11:40:16.870" level="INFO">@{lst_nossoNumero} = [ 191001378 | 191001386 | 191001378 | 191001386 ]</msg>
<status status="PASS" starttime="20190702 11:40:16.869" endtime="20190702 11:40:16.870"></status>
</kw>
<kw name="Get Elements Texts" library="XML">
<doc>Returns text of all elements matching ``xpath`` as a list.</doc>
<arguments>
<arg>${parse_xml}</arg>
<arg>*//titulos//seuNumero</arg>
</arguments>
<assign>
<var>@{lst_seuNumero}</var>
</assign>
<msg timestamp="20190702 11:40:16.871" level="INFO">@{lst_seuNumero} = [ B919326461 | B919326461 | B919326461 | B919326461 ]</msg>
<status status="PASS" starttime="20190702 11:40:16.870" endtime="20190702 11:40:16.871"></status>
</kw>
<kw name="Get Elements Texts" library="XML">
<doc>Returns text of all elements matching ``xpath`` as a list.</doc>
<arguments>
<arg>${parse_xml}</arg>
<arg>*//titulos//vlrNominal</arg>
</arguments>
<assign>
<var>@{lst_vlrNominal}</var>
</assign>
<msg timestamp="20190702 11:40:16.872" level="INFO">@{lst_vlrNominal} = [ 46.41 | 46.4 | 46.41 | 46.4 ]</msg>
<status status="PASS" starttime="20190702 11:40:16.871" endtime="20190702 11:40:16.872"></status>
</kw>
<kw name="Get Elements Texts" library="XML">
<doc>Returns text of all elements matching ``xpath`` as a list.</doc>
<arguments>
<arg>${parse_xml}</arg>
<arg>*//titulos//dataOcorrencia</arg>
</arguments>
<assign>
<var>@{lst_dataOcorrencia}</var>
</assign>
<msg timestamp="20190702 11:40:16.874" level="INFO">@{lst_dataOcorrencia} = [ 2019-06-06T00:00:00-03:00 | 2019-06-06T00:00:00-03:00 | 2019-06-06T00:00:00-03:00 | 2019-06-06T00:00:00-03:00 ]</msg>
<status status="PASS" starttime="20190702 11:40:16.873" endtime="20190702 11:40:16.874"></status>
</kw>
<kw name="Get Elements Texts" library="XML">
<doc>Returns text of all elements matching ``xpath`` as a list.</doc>
<arguments>
<arg>${parse_xml}</arg>
<arg>*//titulos//ocorrencia</arg>
</arguments>
<assign>
<var>@{lst_ocorrencia}</var>
</assign>
<msg timestamp="20190702 11:40:16.875" level="INFO">@{lst_ocorrencia} = [ ENTRADA_CONFIRMADA | ENTRADA_CONFIRMADA | LIQUIDADO | LIQUIDADO ]</msg>
<status status="PASS" starttime="20190702 11:40:16.874" endtime="20190702 11:40:16.875"></status>
</kw>
<kw name="Get Elements Texts" library="XML">
<doc>Returns text of all elements matching ``xpath`` as a list.</doc>
<arguments>
<arg>${parse_xml}</arg>
<arg>*//titulos//codOcorrencia</arg>
</arguments>
<assign>
<var>@{lst_codOcorrencia}</var>
</assign>
<msg timestamp="20190702 11:40:16.877" level="INFO">@{lst_codOcorrencia} = [ 02 | 02 | 06 | 06 ]</msg>
<status status="PASS" starttime="20190702 11:40:16.875" endtime="20190702 11:40:16.877"></status>
</kw>
<kw name="Get Elements Texts" library="XML">
<doc>Returns text of all elements matching ``xpath`` as a list.</doc>
<arguments>
<arg>${parse_xml}</arg>
<arg>*//titulos//numParcela</arg>
</arguments>
<assign>
<var>@{lst_numParcela}</var>
</assign>
<msg timestamp="20190702 11:40:16.878" level="INFO">@{lst_numParcela} = [ 01 | 02 | 01 | 02 ]</msg>
<status status="PASS" starttime="20190702 11:40:16.877" endtime="20190702 11:40:16.878"></status>
</kw>
<kw name="Get Elements Texts" library="XML">
<doc>Returns text of all elements matching ``xpath`` as a list.</doc>
<arguments>
<arg>${parse_xml}</arg>
<arg>*//titulos//motivo</arg>
</arguments>
<assign>
<var>@{lst_motivo}</var>
</assign>
<msg timestamp="20190702 11:40:16.878" level="INFO">@{lst_motivo} = [ 00 | 00 | 00 | 00 ]</msg>
<status status="PASS" starttime="20190702 11:40:16.878" endtime="20190702 11:40:16.878"></status>
</kw>
<kw name="Get Length" library="BuiltIn">
<doc>Returns and logs the length of the given item as an integer.</doc>
<arguments>
<arg>${lst_oidMovimento}</arg>
</arguments>
<assign>
<var>${lst_count}</var>
</assign>
<msg timestamp="20190702 11:40:16.879" level="INFO">Length is 4</msg>
<msg timestamp="20190702 11:40:16.879" level="INFO">${lst_count} = 4</msg>
<status status="PASS" starttime="20190702 11:40:16.879" endtime="20190702 11:40:16.879"></status>
</kw>
<kw name="${count} IN RANGE [ 0 | ${lst_count} ]" type="for">
<kw name="${count} = 0" type="foritem">
<kw name="Set Variable" library="BuiltIn">
<doc>Returns the given values which can then be assigned to a variables.</doc>
<arguments>
<arg>@{lst_oidMovimento}[${count}]</arg>
</arguments>
<assign>
<var>${oidMovimento}</var>
</assign>
<msg timestamp="20190702 11:40:16.881" level="INFO">${oidMovimento} = 1897723790</msg>
<status status="PASS" starttime="20190702 11:40:16.880" endtime="20190702 11:40:16.881"></status>
</kw>
<kw name="Set Variable" library="BuiltIn">
<doc>Returns the given values which can then be assigned to a variables.</doc>
<arguments>
<arg>@{lst_agCedente}[${count}]</arg>
</arguments>
<assign>
<var>${agCedente}</var>
</assign>
<msg timestamp="20190702 11:40:16.882" level="INFO">${agCedente} = 030701</msg>
<status status="PASS" starttime="20190702 11:40:16.881" endtime="20190702 11:40:16.882"></status>
</kw>
<kw name="Set Variable" library="BuiltIn">
<doc>Returns the given values which can then be assigned to a variables.</doc>
<arguments>
<arg>@{lst_beneficiario}[${count}]</arg>
</arguments>
<assign>
<var>${beneficiario}</var>
</assign>
<msg timestamp="20190702 11:40:16.883" level="INFO">${beneficiario} = 58069</msg>
<status status="PASS" starttime="20190702 11:40:16.883" endtime="20190702 11:40:16.884"></status>
</kw>
<kw name="Set Variable" library="BuiltIn">
<doc>Returns the given values which can then be assigned to a variables.</doc>
<arguments>
<arg>@{lst_nossoNumero}[${count}]</arg>
</arguments>
<assign>
<var>${nossoNumero}</var>
</assign>
<msg timestamp="20190702 11:40:16.885" level="INFO">${nossoNumero} = 191001378</msg>
<status status="PASS" starttime="20190702 11:40:16.884" endtime="20190702 11:40:16.885"></status>
</kw>
<kw name="Set Variable" library="BuiltIn">
<doc>Returns the given values which can then be assigned to a variables.</doc>
<arguments>
<arg>@{lst_seuNumero}[${count}]</arg>
</arguments>
<assign>
<var>${seuNumero}</var>
</assign>
<msg timestamp="20190702 11:40:16.886" level="INFO">${seuNumero} = B919326461</msg>
<status status="PASS" starttime="20190702 11:40:16.885" endtime="20190702 11:40:16.886"></status>
</kw>
<kw name="Set Variable" library="BuiltIn">
<doc>Returns the given values which can then be assigned to a variables.</doc>
<arguments>
<arg>@{lst_vlrNominal}[${count}]</arg>
</arguments>
<assign>
<var>${vlrNominal}</var>
</assign>
<msg timestamp="20190702 11:40:16.887" level="INFO">${vlrNominal} = 46.41</msg>
<status status="PASS" starttime="20190702 11:40:16.887" endtime="20190702 11:40:16.887"></status>
</kw>
<kw name="Set Variable" library="BuiltIn">
<doc>Returns the given values which can then be assigned to a variables.</doc>
<arguments>
<arg>@{lst_dataOcorrencia}[${count}]</arg>
</arguments>
<assign>
<var>${dataOcorrencia}</var>
</assign>
<msg timestamp="20190702 11:40:16.888" level="INFO">${dataOcorrencia} = 2019-06-06T00:00:00-03:00</msg>
<status status="PASS" starttime="20190702 11:40:16.888" endtime="20190702 11:40:16.889"></status>
</kw>
<kw name="Set Variable" library="BuiltIn">
<doc>Returns the given values which can then be assigned to a variables.</doc>
<arguments>
<arg>@{lst_ocorrencia}[${count}]</arg>
</arguments>
<assign>
<var>${ocorrencia}</var>
</assign>
<msg timestamp="20190702 11:40:16.889" level="INFO">${ocorrencia} = ENTRADA_CONFIRMADA</msg>
<status status="PASS" starttime="20190702 11:40:16.889" endtime="20190702 11:40:16.889"></status>
</kw>
<kw name="Set Variable" library="BuiltIn">
<doc>Returns the given values which can then be assigned to a variables.</doc>
<arguments>
<arg>@{lst_codOcorrencia}[${count}]</arg>
</arguments>
<assign>
<var>${codOcorrencia}</var>
</assign>
<msg timestamp="20190702 11:40:16.890" level="INFO">${codOcorrencia} = 02</msg>
<status status="PASS" starttime="20190702 11:40:16.889" endtime="20190702 11:40:16.890"></status>
</kw>
<kw name="Set Variable" library="BuiltIn">
<doc>Returns the given values which can then be assigned to a variables.</doc>
<arguments>
<arg>@{lst_numParcela}[${count}]</arg>
</arguments>
<assign>
<var>${numParcela}</var>
</assign>
<msg timestamp="20190702 11:40:16.891" level="INFO">${numParcela} = 01</msg>
<status status="PASS" starttime="20190702 11:40:16.890" endtime="20190702 11:40:16.891"></status>
</kw>
<kw name="Set Variable" library="BuiltIn">
<doc>Returns the given values which can then be assigned to a variables.</doc>
<arguments>
<arg>@{lst_motivo}[${count}]</arg>
</arguments>
<assign>
<var>${motivo}</var>
</assign>
<msg timestamp="20190702 11:40:16.891" level="INFO">${motivo} = 00</msg>
<status status="PASS" starttime="20190702 11:40:16.891" endtime="20190702 11:40:16.891"></status>
</kw>
<kw name="Log To Console" library="BuiltIn">
<doc>Logs the given message to the console.</doc>
<arguments>
<arg>oidMovimento: ${oidMovimento}\nagCedente:${agCedente}\nbeneficiario:${beneficiario}\nnossoNumero:${nossoNumero}\nseuNumero:${seuNumero}\nvlrNominal:${vlrNominal}\ndataOcorrencia:${dataOcorrencia}\nocorrencia:${ocorrencia}\ncodOcorrencia:${codOcorrencia}\nnumParcela:${numParcela}\nmotivo:${motivo}</arg>
</arguments>
<status status="PASS" starttime="20190702 11:40:16.892" endtime="20190702 11:40:16.893"></status>
</kw>
<kw name="Evaluate" library="BuiltIn">
<doc>Evaluates the given expression in Python and returns the results.</doc>
<arguments>
<arg>${count}+1</arg>
</arguments>
<assign>
<var>${count}</var>
</assign>
<msg timestamp="20190702 11:40:16.893" level="INFO">${count} = 1</msg>
<status status="PASS" starttime="20190702 11:40:16.893" endtime="20190702 11:40:16.893"></status>
</kw>
<status status="PASS" starttime="20190702 11:40:16.880" endtime="20190702 11:40:16.893"></status>
</kw>
<kw name="${count} = 1" type="foritem">
<kw name="Set Variable" library="BuiltIn">
<doc>Returns the given values which can then be assigned to a variables.</doc>
<arguments>
<arg>@{lst_oidMovimento}[${count}]</arg>
</arguments>
<assign>
<var>${oidMovimento}</var>
</assign>
<msg timestamp="20190702 11:40:16.894" level="INFO">${oidMovimento} = 1897723791</msg>
<status status="PASS" starttime="20190702 11:40:16.894" endtime="20190702 11:40:16.894"></status>
</kw>
<kw name="Set Variable" library="BuiltIn">
<doc>Returns the given values which can then be assigned to a variables.</doc>
<arguments>
<arg>@{lst_agCedente}[${count}]</arg>
</arguments>
<assign>
<var>${agCedente}</var>
</assign>
<msg timestamp="20190702 11:40:16.895" level="INFO">${agCedente} = 030701</msg>
<status status="PASS" starttime="20190702 11:40:16.895" endtime="20190702 11:40:16.895"></status>
</kw>
<kw name="Set Variable" library="BuiltIn">
<doc>Returns the given values which can then be assigned to a variables.</doc>
<arguments>
<arg>@{lst_beneficiario}[${count}]</arg>
</arguments>
<assign>
<var>${beneficiario}</var>
</assign>
<msg timestamp="20190702 11:40:16.896" level="INFO">${beneficiario} = 58069</msg>
<status status="PASS" starttime="20190702 11:40:16.896" endtime="20190702 11:40:16.896"></status>
</kw>
<kw name="Set Variable" library="BuiltIn">
<doc>Returns the given values which can then be assigned to a variables.</doc>
<arguments>
<arg>@{lst_nossoNumero}[${count}]</arg>
</arguments>
<assign>
<var>${nossoNumero}</var>
</assign>
<msg timestamp="20190702 11:40:16.897" level="INFO">${nossoNumero} = 191001386</msg>
<status status="PASS" starttime="20190702 11:40:16.896" endtime="20190702 11:40:16.897"></status>
</kw>
<kw name="Set Variable" library="BuiltIn">
<doc>Returns the given values which can then be assigned to a variables.</doc>
<arguments>
<arg>@{lst_seuNumero}[${count}]</arg>
</arguments>
<assign>
<var>${seuNumero}</var>
</assign>
<msg timestamp="20190702 11:40:16.898" level="INFO">${seuNumero} = B919326461</msg>
<status status="PASS" starttime="20190702 11:40:16.897" endtime="20190702 11:40:16.898"></status>
</kw>
<kw name="Set Variable" library="BuiltIn">
<doc>Returns the given values which can then be assigned to a variables.</doc>
<arguments>
<arg>@{lst_vlrNominal}[${count}]</arg>
</arguments>
<assign>
<var>${vlrNominal}</var>
</assign>
<msg timestamp="20190702 11:40:16.899" level="INFO">${vlrNominal} = 46.4</msg>
<status status="PASS" starttime="20190702 11:40:16.898" endtime="20190702 11:40:16.899"></status>
</kw>
<kw name="Set Variable" library="BuiltIn">
<doc>Returns the given values which can then be assigned to a variables.</doc>
<arguments>
<arg>@{lst_dataOcorrencia}[${count}]</arg>
</arguments>
<assign>
<var>${dataOcorrencia}</var>
</assign>
<msg timestamp="20190702 11:40:16.901" level="INFO">${dataOcorrencia} = 2019-06-06T00:00:00-03:00</msg>
<status status="PASS" starttime="20190702 11:40:16.899" endtime="20190702 11:40:16.901"></status>
</kw>
<kw name="Set Variable" library="BuiltIn">
<doc>Returns the given values which can then be assigned to a variables.</doc>
<arguments>
<arg>@{lst_ocorrencia}[${count}]</arg>
</arguments>
<assign>
<var>${ocorrencia}</var>
</assign>
<msg timestamp="20190702 11:40:16.903" level="INFO">${ocorrencia} = ENTRADA_CONFIRMADA</msg>
<status status="PASS" starttime="20190702 11:40:16.901" endtime="20190702 11:40:16.903"></status>
</kw>
<kw name="Set Variable" library="BuiltIn">
<doc>Returns the given values which can then be assigned to a variables.</doc>
<arguments>
<arg>@{lst_codOcorrencia}[${count}]</arg>
</arguments>
<assign>
<var>${codOcorrencia}</var>
</assign>
<msg timestamp="20190702 11:40:16.904" level="INFO">${codOcorrencia} = 02</msg>
<status status="PASS" starttime="20190702 11:40:16.903" endtime="20190702 11:40:16.904"></status>
</kw>
<kw name="Set Variable" library="BuiltIn">
<doc>Returns the given values which can then be assigned to a variables.</doc>
<arguments>
<arg>@{lst_numParcela}[${count}]</arg>
</arguments>
<assign>
<var>${numParcela}</var>
</assign>
<msg timestamp="20190702 11:40:16.905" level="INFO">${numParcela} = 02</msg>
<status status="PASS" starttime="20190702 11:40:16.904" endtime="20190702 11:40:16.905"></status>
</kw>
<kw name="Set Variable" library="BuiltIn">
<doc>Returns the given values which can then be assigned to a variables.</doc>
<arguments>
<arg>@{lst_motivo}[${count}]</arg>
</arguments>
<assign>
<var>${motivo}</var>
</assign>
<msg timestamp="20190702 11:40:16.906" level="INFO">${motivo} = 00</msg>
<status status="PASS" starttime="20190702 11:40:16.905" endtime="20190702 11:40:16.906"></status>
</kw>
<kw name="Log To Console" library="BuiltIn">
<doc>Logs the given message to the console.</doc>
<arguments>
<arg>oidMovimento: ${oidMovimento}\nagCedente:${agCedente}\nbeneficiario:${beneficiario}\nnossoNumero:${nossoNumero}\nseuNumero:${seuNumero}\nvlrNominal:${vlrNominal}\ndataOcorrencia:${dataOcorrencia}\nocorrencia:${ocorrencia}\ncodOcorrencia:${codOcorrencia}\nnumParcela:${numParcela}\nmotivo:${motivo}</arg>
</arguments>
<status status="PASS" starttime="20190702 11:40:16.907" endtime="20190702 11:40:16.908"></status>
</kw>
<kw name="Evaluate" library="BuiltIn">
<doc>Evaluates the given expression in Python and returns the results.</doc>
<arguments>
<arg>${count}+1</arg>
</arguments>
<assign>
<var>${count}</var>
</assign>
<msg timestamp="20190702 11:40:16.909" level="INFO">${count} = 2</msg>
<status status="PASS" starttime="20190702 11:40:16.909" endtime="20190702 11:40:16.909"></status>
</kw>
<status status="PASS" starttime="20190702 11:40:16.893" endtime="20190702 11:40:16.909"></status>
</kw>
<kw name="${count} = 2" type="foritem">
<kw name="Set Variable" library="BuiltIn">
<doc>Returns the given values which can then be assigned to a variables.</doc>
<arguments>
<arg>@{lst_oidMovimento}[${count}]</arg>
</arguments>
<assign>
<var>${oidMovimento}</var>
</assign>
<msg timestamp="20190702 11:40:16.910" level="INFO">${oidMovimento} = 1897724085</msg>
<status status="PASS" starttime="20190702 11:40:16.910" endtime="20190702 11:40:16.910"></status>
</kw>
<kw name="Set Variable" library="BuiltIn">
<doc>Returns the given values which can then be assigned to a variables.</doc>
<arguments>
<arg>@{lst_agCedente}[${count}]</arg>
</arguments>
<assign>
<var>${agCedente}</var>
</assign>
<msg timestamp="20190702 11:40:16.911" level="INFO">${agCedente} = 030701</msg>
<status status="PASS" starttime="20190702 11:40:16.911" endtime="20190702 11:40:16.911"></status>
</kw>
<kw name="Set Variable" library="BuiltIn">
<doc>Returns the given values which can then be assigned to a variables.</doc>
<arguments>
<arg>@{lst_beneficiario}[${count}]</arg>
</arguments>
<assign>
<var>${beneficiario}</var>
</assign>
<msg timestamp="20190702 11:40:16.912" level="INFO">${beneficiario} = 58069</msg>
<status status="PASS" starttime="20190702 11:40:16.912" endtime="20190702 11:40:16.912"></status>
</kw>
<kw name="Set Variable" library="BuiltIn">
<doc>Returns the given values which can then be assigned to a variables.</doc>
<arguments>
<arg>@{lst_nossoNumero}[${count}]</arg>
</arguments>
<assign>
<var>${nossoNumero}</var>
</assign>
<msg timestamp="20190702 11:40:16.913" level="INFO">${nossoNumero} = 191001378</msg>
<status status="PASS" starttime="20190702 11:40:16.913" endtime="20190702 11:40:16.913"></status>
</kw>
<kw name="Set Variable" library="BuiltIn">
<doc>Returns the given values which can then be assigned to a variables.</doc>
<arguments>
<arg>@{lst_seuNumero}[${count}]</arg>
</arguments>
<assign>
<var>${seuNumero}</var>
</assign>
<msg timestamp="20190702 11:40:16.914" level="INFO">${seuNumero} = B919326461</msg>
<status status="PASS" starttime="20190702 11:40:16.914" endtime="20190702 11:40:16.915"></status>
</kw>
<kw name="Set Variable" library="BuiltIn">
<doc>Returns the given values which can then be assigned to a variables.</doc>
<arguments>
<arg>@{lst_vlrNominal}[${count}]</arg>
</arguments>
<assign>
<var>${vlrNominal}</var>
</assign>
<msg timestamp="20190702 11:40:16.916" level="INFO">${vlrNominal} = 46.41</msg>
<status status="PASS" starttime="20190702 11:40:16.915" endtime="20190702 11:40:16.916"></status>
</kw>
<kw name="Set Variable" library="BuiltIn">
<doc>Returns the given values which can then be assigned to a variables.</doc>
<arguments>
<arg>@{lst_dataOcorrencia}[${count}]</arg>
</arguments>
<assign>
<var>${dataOcorrencia}</var>
</assign>
<msg timestamp="20190702 11:40:16.917" level="INFO">${dataOcorrencia} = 2019-06-06T00:00:00-03:00</msg>
<status status="PASS" starttime="20190702 11:40:16.916" endtime="20190702 11:40:16.917"></status>
</kw>
<kw name="Set Variable" library="BuiltIn">
<doc>Returns the given values which can then be assigned to a variables.</doc>
<arguments>
<arg>@{lst_ocorrencia}[${count}]</arg>
</arguments>
<assign>
<var>${ocorrencia}</var>
</assign>
<msg timestamp="20190702 11:40:16.918" level="INFO">${ocorrencia} = LIQUIDADO</msg>
<status status="PASS" starttime="20190702 11:40:16.917" endtime="20190702 11:40:16.918"></status>
</kw>
<kw name="Set Variable" library="BuiltIn">
<doc>Returns the given values which can then be assigned to a variables.</doc>
<arguments>
<arg>@{lst_codOcorrencia}[${count}]</arg>
</arguments>
<assign>
<var>${codOcorrencia}</var>
</assign>
<msg timestamp="20190702 11:40:16.919" level="INFO">${codOcorrencia} = 06</msg>
<status status="PASS" starttime="20190702 11:40:16.919" endtime="20190702 11:40:16.919"></status>
</kw>
<kw name="Set Variable" library="BuiltIn">
<doc>Returns the given values which can then be assigned to a variables.</doc>
<arguments>
<arg>@{lst_numParcela}[${count}]</arg>
</arguments>
<assign>
<var>${numParcela}</var>
</assign>
<msg timestamp="20190702 11:40:16.921" level="INFO">${numParcela} = 01</msg>
<status status="PASS" starttime="20190702 11:40:16.920" endtime="20190702 11:40:16.921"></status>
</kw>
<kw name="Set Variable" library="BuiltIn">
<doc>Returns the given values which can then be assigned to a variables.</doc>
<arguments>
<arg>@{lst_motivo}[${count}]</arg>
</arguments>
<assign>
<var>${motivo}</var>
</assign>
<msg timestamp="20190702 11:40:16.922" level="INFO">${motivo} = 00</msg>
<status status="PASS" starttime="20190702 11:40:16.921" endtime="20190702 11:40:16.922"></status>
</kw>
<kw name="Log To Console" library="BuiltIn">
<doc>Logs the given message to the console.</doc>
<arguments>
<arg>oidMovimento: ${oidMovimento}\nagCedente:${agCedente}\nbeneficiario:${beneficiario}\nnossoNumero:${nossoNumero}\nseuNumero:${seuNumero}\nvlrNominal:${vlrNominal}\ndataOcorrencia:${dataOcorrencia}\nocorrencia:${ocorrencia}\ncodOcorrencia:${codOcorrencia}\nnumParcela:${numParcela}\nmotivo:${motivo}</arg>
</arguments>
<status status="PASS" starttime="20190702 11:40:16.922" endtime="20190702 11:40:16.924"></status>
</kw>
<kw name="Evaluate" library="BuiltIn">
<doc>Evaluates the given expression in Python and returns the results.</doc>
<arguments>
<arg>${count}+1</arg>
</arguments>
<assign>
<var>${count}</var>
</assign>
<msg timestamp="20190702 11:40:16.927" level="INFO">${count} = 3</msg>
<status status="PASS" starttime="20190702 11:40:16.924" endtime="20190702 11:40:16.927"></status>
</kw>
<status status="PASS" starttime="20190702 11:40:16.909" endtime="20190702 11:40:16.927"></status>
</kw>
<kw name="${count} = 3" type="foritem">
<kw name="Set Variable" library="BuiltIn">
<doc>Returns the given values which can then be assigned to a variables.</doc>
<arguments>
<arg>@{lst_oidMovimento}[${count}]</arg>
</arguments>
<assign>
<var>${oidMovimento}</var>
</assign>
<msg timestamp="20190702 11:40:16.928" level="INFO">${oidMovimento} = 1897724238</msg>
<status status="PASS" starttime="20190702 11:40:16.927" endtime="20190702 11:40:16.928"></status>
</kw>
<kw name="Set Variable" library="BuiltIn">
<doc>Returns the given values which can then be assigned to a variables.</doc>
<arguments>
<arg>@{lst_agCedente}[${count}]</arg>
</arguments>
<assign>
<var>${agCedente}</var>
</assign>
<msg timestamp="20190702 11:40:16.928" level="INFO">${agCedente} = 030701</msg>
<status status="PASS" starttime="20190702 11:40:16.928" endtime="20190702 11:40:16.928"></status>
</kw>
<kw name="Set Variable" library="BuiltIn">
<doc>Returns the given values which can then be assigned to a variables.</doc>
<arguments>
<arg>@{lst_beneficiario}[${count}]</arg>
</arguments>
<assign>
<var>${beneficiario}</var>
</assign>
<msg timestamp="20190702 11:40:16.929" level="INFO">${beneficiario} = 58069</msg>
<status status="PASS" starttime="20190702 11:40:16.928" endtime="20190702 11:40:16.929"></status>
</kw>
<kw name="Set Variable" library="BuiltIn">
<doc>Returns the given values which can then be assigned to a variables.</doc>
<arguments>
<arg>@{lst_nossoNumero}[${count}]</arg>
</arguments>
<assign>
<var>${nossoNumero}</var>
</assign>
<msg timestamp="20190702 11:40:16.930" level="INFO">${nossoNumero} = 191001386</msg>
<status status="PASS" starttime="20190702 11:40:16.929" endtime="20190702 11:40:16.930"></status>
</kw>
<kw name="Set Variable" library="BuiltIn">
<doc>Returns the given values which can then be assigned to a variables.</doc>
<arguments>
<arg>@{lst_seuNumero}[${count}]</arg>
</arguments>
<assign>
<var>${seuNumero}</var>
</assign>
<msg timestamp="20190702 11:40:16.931" level="INFO">${seuNumero} = B919326461</msg>
<status status="PASS" starttime="20190702 11:40:16.930" endtime="20190702 11:40:16.931"></status>
</kw>
<kw name="Set Variable" library="BuiltIn">
<doc>Returns the given values which can then be assigned to a variables.</doc>
<arguments>
<arg>@{lst_vlrNominal}[${count}]</arg>
</arguments>
<assign>
<var>${vlrNominal}</var>
</assign>
<msg timestamp="20190702 11:40:16.931" level="INFO">${vlrNominal} = 46.4</msg>
<status status="PASS" starttime="20190702 11:40:16.931" endtime="20190702 11:40:16.931"></status>
</kw>
<kw name="Set Variable" library="BuiltIn">
<doc>Returns the given values which can then be assigned to a variables.</doc>
<arguments>
<arg>@{lst_dataOcorrencia}[${count}]</arg>
</arguments>
<assign>
<var>${dataOcorrencia}</var>
</assign>
<msg timestamp="20190702 11:40:16.932" level="INFO">${dataOcorrencia} = 2019-06-06T00:00:00-03:00</msg>
<status status="PASS" starttime="20190702 11:40:16.931" endtime="20190702 11:40:16.932"></status>
</kw>
<kw name="Set Variable" library="BuiltIn">
<doc>Returns the given values which can then be assigned to a variables.</doc>
<arguments>
<arg>@{lst_ocorrencia}[${count}]</arg>
</arguments>
<assign>
<var>${ocorrencia}</var>
</assign>
<msg timestamp="20190702 11:40:16.933" level="INFO">${ocorrencia} = LIQUIDADO</msg>
<status status="PASS" starttime="20190702 11:40:16.932" endtime="20190702 11:40:16.933"></status>
</kw>
<kw name="Set Variable" library="BuiltIn">
<doc>Returns the given values which can then be assigned to a variables.</doc>
<arguments>
<arg>@{lst_codOcorrencia}[${count}]</arg>
</arguments>
<assign>
<var>${codOcorrencia}</var>
</assign>
<msg timestamp="20190702 11:40:16.934" level="INFO">${codOcorrencia} = 06</msg>
<status status="PASS" starttime="20190702 11:40:16.933" endtime="20190702 11:40:16.934"></status>
</kw>
<kw name="Set Variable" library="BuiltIn">
<doc>Returns the given values which can then be assigned to a variables.</doc>
<arguments>
<arg>@{lst_numParcela}[${count}]</arg>
</arguments>
<assign>
<var>${numParcela}</var>
</assign>
<msg timestamp="20190702 11:40:16.934" level="INFO">${numParcela} = 02</msg>
<status status="PASS" starttime="20190702 11:40:16.934" endtime="20190702 11:40:16.934"></status>
</kw>
<kw name="Set Variable" library="BuiltIn">
<doc>Returns the given values which can then be assigned to a variables.</doc>
<arguments>
<arg>@{lst_motivo}[${count}]</arg>
</arguments>
<assign>
<var>${motivo}</var>
</assign>
<msg timestamp="20190702 11:40:16.935" level="INFO">${motivo} = 00</msg>
<status status="PASS" starttime="20190702 11:40:16.935" endtime="20190702 11:40:16.935"></status>
</kw>
<kw name="Log To Console" library="BuiltIn">
<doc>Logs the given message to the console.</doc>
<arguments>
<arg>oidMovimento: ${oidMovimento}\nagCedente:${agCedente}\nbeneficiario:${beneficiario}\nnossoNumero:${nossoNumero}\nseuNumero:${seuNumero}\nvlrNominal:${vlrNominal}\ndataOcorrencia:${dataOcorrencia}\nocorrencia:${ocorrencia}\ncodOcorrencia:${codOcorrencia}\nnumParcela:${numParcela}\nmotivo:${motivo}</arg>
</arguments>
<status status="PASS" starttime="20190702 11:40:16.936" endtime="20190702 11:40:16.937"></status>
</kw>
<kw name="Evaluate" library="BuiltIn">
<doc>Evaluates the given expression in Python and returns the results.</doc>
<arguments>
<arg>${count}+1</arg>
</arguments>
<assign>
<var>${count}</var>
</assign>
<msg timestamp="20190702 11:40:16.938" level="INFO">${count} = 4</msg>
<status status="PASS" starttime="20190702 11:40:16.937" endtime="20190702 11:40:16.938"></status>
</kw>
<status status="PASS" starttime="20190702 11:40:16.927" endtime="20190702 11:40:16.938"></status>
</kw>
<status status="PASS" starttime="20190702 11:40:16.880" endtime="20190702 11:40:16.938"></status>
</kw>
<status status="PASS" starttime="20190702 11:40:16.624" endtime="20190702 11:40:16.938"></status>
</kw>
<status status="PASS" starttime="20190702 11:40:16.624" endtime="20190702 11:40:16.939" critical="yes"></status>
</test>
<status status="PASS" starttime="20190702 11:40:16.150" endtime="20190702 11:40:16.940"></status>
</suite>
<statistics>
<total>
<stat pass="1" fail="0">Critical Tests</stat>
<stat pass="1" fail="0">All Tests</stat>
</total>
<tag>
</tag>
<suite>
<stat pass="1" fail="0" id="s1" name="ConsultaOcorrenciasTituloTest">ConsultaOcorrenciasTituloTest</stat>
</suite>
</statistics>
<errors>
</errors>
</robot>
